{"C:\\Users\\aanus\\Desktop\\AutheTrack\\AuthTrack--main\\server\\src\\controllers\\transactionController.ts": {"path":"C:\\Users\\aanus\\Desktop\\AutheTrack\\AuthTrack--main\\server\\src\\controllers\\transactionController.ts","statementMap":{"0":{"start":{"line":2,"column":0},"end":{"line":2,"column":72}},"1":{"start":{"line":3,"column":0},"end":{"line":3,"column":74}},"2":{"start":{"line":4,"column":0},"end":{"line":4,"column":70}},"3":{"start":{"line":5,"column":0},"end":{"line":5,"column":53}},"4":{"start":{"line":6,"column":0},"end":{"line":6,"column":74}},"5":{"start":{"line":7,"column":0},"end":{"line":7,"column":71}},"6":{"start":{"line":8,"column":0},"end":{"line":8,"column":41}},"7":{"start":{"line":26,"column":2},"end":{"line":94,"column":4}},"8":{"start":{"line":27,"column":4},"end":{"line":93,"column":5}},"9":{"start":{"line":28,"column":6},"end":{"line":28,"column":75}},"10":{"start":{"line":28,"column":21},"end":{"line":28,"column":75}},"11":{"start":{"line":30,"column":32},"end":{"line":30,"column":62}},"12":{"start":{"line":31,"column":30},"end":{"line":38,"column":8}},"13":{"start":{"line":40,"column":23},"end":{"line":41,"column":null}},"14":{"start":{"line":44,"column":39},"end":{"line":58,"column":8}},"15":{"start":{"line":60,"column":6},"end":{"line":60,"column":91}},"16":{"start":{"line":62,"column":6},"end":{"line":66,"column":7}},"17":{"start":{"line":63,"column":8},"end":{"line":65,"column":9}},"18":{"start":{"line":64,"column":10},"end":{"line":64,"column":82}},"19":{"start":{"line":68,"column":6},"end":{"line":68,"column":73}},"20":{"start":{"line":70,"column":6},"end":{"line":75,"column":9}},"21":{"start":{"line":77,"column":6},"end":{"line":79,"column":7}},"22":{"start":{"line":78,"column":8},"end":{"line":78,"column":96}},"23":{"start":{"line":81,"column":6},"end":{"line":90,"column":9}},"24":{"start":{"line":92,"column":6},"end":{"line":92,"column":18}},"25":{"start":{"line":96,"column":2},"end":{"line":125,"column":4}},"26":{"start":{"line":97,"column":4},"end":{"line":124,"column":5}},"27":{"start":{"line":98,"column":6},"end":{"line":98,"column":75}},"28":{"start":{"line":98,"column":21},"end":{"line":98,"column":75}},"29":{"start":{"line":100,"column":19},"end":{"line":100,"column":58}},"30":{"start":{"line":101,"column":20},"end":{"line":101,"column":61}},"31":{"start":{"line":102,"column":21},"end":{"line":102,"column":47}},"32":{"start":{"line":104,"column":25},"end":{"line":105,"column":null}},"33":{"start":{"line":108,"column":6},"end":{"line":108,"column":81}},"34":{"start":{"line":108,"column":18},"end":{"line":108,"column":81}},"35":{"start":{"line":108,"column":60},"end":{"line":108,"column":79}},"36":{"start":{"line":110,"column":20},"end":{"line":110,"column":39}},"37":{"start":{"line":111,"column":25},"end":{"line":111,"column":43}},"38":{"start":{"line":112,"column":36},"end":{"line":119,"column":46}},"39":{"start":{"line":114,"column":18},"end":{"line":115,"column":58}},"40":{"start":{"line":115,"column":4},"end":{"line":115,"column":58}},"41":{"start":{"line":117,"column":2},"end":{"line":117,"column":53}},"42":{"start":{"line":121,"column":6},"end":{"line":121,"column":68}},"43":{"start":{"line":123,"column":6},"end":{"line":123,"column":18}},"44":{"start":{"line":127,"column":2},"end":{"line":142,"column":4}},"45":{"start":{"line":128,"column":4},"end":{"line":141,"column":5}},"46":{"start":{"line":129,"column":6},"end":{"line":129,"column":75}},"47":{"start":{"line":129,"column":21},"end":{"line":129,"column":75}},"48":{"start":{"line":131,"column":21},"end":{"line":131,"column":31}},"49":{"start":{"line":132,"column":26},"end":{"line":132,"column":84}},"50":{"start":{"line":134,"column":6},"end":{"line":134,"column":76}},"51":{"start":{"line":134,"column":24},"end":{"line":134,"column":76}},"52":{"start":{"line":135,"column":6},"end":{"line":135,"column":91}},"53":{"start":{"line":135,"column":47},"end":{"line":135,"column":91}},"54":{"start":{"line":137,"column":21},"end":{"line":137,"column":90}},"55":{"start":{"line":138,"column":6},"end":{"line":138,"column":48}},"56":{"start":{"line":140,"column":6},"end":{"line":140,"column":18}},"57":{"start":{"line":144,"column":2},"end":{"line":181,"column":4}},"58":{"start":{"line":145,"column":4},"end":{"line":180,"column":5}},"59":{"start":{"line":146,"column":6},"end":{"line":146,"column":75}},"60":{"start":{"line":146,"column":21},"end":{"line":146,"column":75}},"61":{"start":{"line":148,"column":21},"end":{"line":148,"column":31}},"62":{"start":{"line":149,"column":33},"end":{"line":149,"column":41}},"63":{"start":{"line":151,"column":26},"end":{"line":151,"column":84}},"64":{"start":{"line":152,"column":6},"end":{"line":152,"column":76}},"65":{"start":{"line":152,"column":24},"end":{"line":152,"column":76}},"66":{"start":{"line":153,"column":6},"end":{"line":153,"column":91}},"67":{"start":{"line":153,"column":47},"end":{"line":153,"column":91}},"68":{"start":{"line":155,"column":25},"end":{"line":160,"column":8}},"69":{"start":{"line":162,"column":6},"end":{"line":165,"column":9}},"70":{"start":{"line":167,"column":6},"end":{"line":169,"column":9}},"71":{"start":{"line":171,"column":6},"end":{"line":175,"column":7}},"72":{"start":{"line":172,"column":8},"end":{"line":174,"column":11}},"73":{"start":{"line":177,"column":6},"end":{"line":177,"column":78}},"74":{"start":{"line":179,"column":6},"end":{"line":179,"column":18}},"75":{"start":{"line":183,"column":2},"end":{"line":190,"column":4}},"76":{"start":{"line":184,"column":4},"end":{"line":189,"column":5}},"77":{"start":{"line":185,"column":6},"end":{"line":185,"column":75}},"78":{"start":{"line":185,"column":21},"end":{"line":185,"column":75}},"79":{"start":{"line":186,"column":6},"end":{"line":186,"column":60}},"80":{"start":{"line":188,"column":6},"end":{"line":188,"column":18}},"81":{"start":{"line":192,"column":2},"end":{"line":199,"column":4}},"82":{"start":{"line":193,"column":4},"end":{"line":198,"column":5}},"83":{"start":{"line":194,"column":6},"end":{"line":194,"column":75}},"84":{"start":{"line":194,"column":21},"end":{"line":194,"column":75}},"85":{"start":{"line":195,"column":6},"end":{"line":195,"column":68}},"86":{"start":{"line":197,"column":6},"end":{"line":197,"column":18}},"87":{"start":{"line":201,"column":2},"end":{"line":208,"column":4}},"88":{"start":{"line":202,"column":4},"end":{"line":207,"column":5}},"89":{"start":{"line":203,"column":6},"end":{"line":203,"column":75}},"90":{"start":{"line":203,"column":21},"end":{"line":203,"column":75}},"91":{"start":{"line":204,"column":6},"end":{"line":204,"column":66}},"92":{"start":{"line":206,"column":6},"end":{"line":206,"column":18}},"93":{"start":{"line":210,"column":2},"end":{"line":217,"column":4}},"94":{"start":{"line":211,"column":4},"end":{"line":216,"column":5}},"95":{"start":{"line":212,"column":6},"end":{"line":212,"column":75}},"96":{"start":{"line":212,"column":21},"end":{"line":212,"column":75}},"97":{"start":{"line":213,"column":6},"end":{"line":213,"column":73}},"98":{"start":{"line":215,"column":6},"end":{"line":215,"column":18}},"99":{"start":{"line":219,"column":2},"end":{"line":226,"column":4}},"100":{"start":{"line":220,"column":4},"end":{"line":225,"column":5}},"101":{"start":{"line":221,"column":6},"end":{"line":221,"column":75}},"102":{"start":{"line":221,"column":21},"end":{"line":221,"column":75}},"103":{"start":{"line":222,"column":6},"end":{"line":222,"column":74}},"104":{"start":{"line":224,"column":6},"end":{"line":224,"column":18}},"105":{"start":{"line":228,"column":2},"end":{"line":235,"column":4}},"106":{"start":{"line":229,"column":4},"end":{"line":234,"column":5}},"107":{"start":{"line":230,"column":6},"end":{"line":230,"column":75}},"108":{"start":{"line":230,"column":21},"end":{"line":230,"column":75}},"109":{"start":{"line":231,"column":6},"end":{"line":231,"column":68}},"110":{"start":{"line":233,"column":6},"end":{"line":233,"column":18}},"111":{"start":{"line":237,"column":2},"end":{"line":244,"column":4}},"112":{"start":{"line":238,"column":4},"end":{"line":243,"column":5}},"113":{"start":{"line":239,"column":6},"end":{"line":239,"column":75}},"114":{"start":{"line":239,"column":21},"end":{"line":239,"column":75}},"115":{"start":{"line":240,"column":6},"end":{"line":240,"column":65}},"116":{"start":{"line":242,"column":6},"end":{"line":242,"column":18}},"117":{"start":{"line":246,"column":2},"end":{"line":253,"column":4}},"118":{"start":{"line":247,"column":4},"end":{"line":252,"column":5}},"119":{"start":{"line":248,"column":6},"end":{"line":248,"column":75}},"120":{"start":{"line":248,"column":21},"end":{"line":248,"column":75}},"121":{"start":{"line":249,"column":6},"end":{"line":249,"column":67}},"122":{"start":{"line":251,"column":6},"end":{"line":251,"column":18}},"123":{"start":{"line":255,"column":2},"end":{"line":262,"column":4}},"124":{"start":{"line":256,"column":4},"end":{"line":261,"column":5}},"125":{"start":{"line":257,"column":6},"end":{"line":257,"column":75}},"126":{"start":{"line":257,"column":21},"end":{"line":257,"column":75}},"127":{"start":{"line":258,"column":6},"end":{"line":258,"column":69}},"128":{"start":{"line":260,"column":6},"end":{"line":260,"column":18}},"129":{"start":{"line":21,"column":4},"end":{"line":21,"column":59}},"130":{"start":{"line":22,"column":4},"end":{"line":22,"column":61}},"131":{"start":{"line":23,"column":4},"end":{"line":23,"column":57}},"132":{"start":{"line":15,"column":0},"end":{"line":15,"column":13}},"133":{"start":{"line":265,"column":13},"end":{"line":265,"column":65}}},"fnMap":{"0":{"name":"(anonymous_0)","decl":{"start":{"line":20,"column":2},"end":{"line":20,"column":null}},"loc":{"start":{"line":20,"column":2},"end":{"line":24,"column":3}}},"1":{"name":"(anonymous_1)","decl":{"start":{"line":26,"column":23},"end":{"line":26,"column":28}},"loc":{"start":{"line":26,"column":85},"end":{"line":94,"column":3}}},"2":{"name":"(anonymous_2)","decl":{"start":{"line":96,"column":20},"end":{"line":96,"column":25}},"loc":{"start":{"line":96,"column":82},"end":{"line":125,"column":3}}},"3":{"name":"(anonymous_3)","decl":{"start":{"line":108,"column":53},"end":{"line":108,"column":54}},"loc":{"start":{"line":108,"column":60},"end":{"line":108,"column":79}}},"4":{"name":"(anonymous_4)","decl":{"start":{"line":113,"column":12},"end":{"line":113,"column":13}},"loc":{"start":{"line":113,"column":21},"end":{"line":118,"column":1}}},"5":{"name":"(anonymous_5)","decl":{"start":{"line":114,"column":18},"end":{"line":114,"column":19}},"loc":{"start":{"line":115,"column":4},"end":{"line":115,"column":58}}},"6":{"name":"(anonymous_6)","decl":{"start":{"line":127,"column":19},"end":{"line":127,"column":24}},"loc":{"start":{"line":127,"column":81},"end":{"line":142,"column":3}}},"7":{"name":"(anonymous_7)","decl":{"start":{"line":144,"column":28},"end":{"line":144,"column":33}},"loc":{"start":{"line":144,"column":90},"end":{"line":181,"column":3}}},"8":{"name":"(anonymous_8)","decl":{"start":{"line":183,"column":27},"end":{"line":183,"column":32}},"loc":{"start":{"line":183,"column":89},"end":{"line":190,"column":3}}},"9":{"name":"(anonymous_9)","decl":{"start":{"line":192,"column":23},"end":{"line":192,"column":28}},"loc":{"start":{"line":192,"column":85},"end":{"line":199,"column":3}}},"10":{"name":"(anonymous_10)","decl":{"start":{"line":201,"column":24},"end":{"line":201,"column":29}},"loc":{"start":{"line":201,"column":86},"end":{"line":208,"column":3}}},"11":{"name":"(anonymous_11)","decl":{"start":{"line":210,"column":30},"end":{"line":210,"column":35}},"loc":{"start":{"line":210,"column":92},"end":{"line":217,"column":3}}},"12":{"name":"(anonymous_12)","decl":{"start":{"line":219,"column":31},"end":{"line":219,"column":36}},"loc":{"start":{"line":219,"column":93},"end":{"line":226,"column":3}}},"13":{"name":"(anonymous_13)","decl":{"start":{"line":228,"column":23},"end":{"line":228,"column":28}},"loc":{"start":{"line":228,"column":85},"end":{"line":235,"column":3}}},"14":{"name":"(anonymous_14)","decl":{"start":{"line":237,"column":20},"end":{"line":237,"column":25}},"loc":{"start":{"line":237,"column":82},"end":{"line":244,"column":3}}},"15":{"name":"(anonymous_15)","decl":{"start":{"line":246,"column":22},"end":{"line":246,"column":27}},"loc":{"start":{"line":246,"column":84},"end":{"line":253,"column":3}}},"16":{"name":"(anonymous_16)","decl":{"start":{"line":255,"column":27},"end":{"line":255,"column":32}},"loc":{"start":{"line":255,"column":89},"end":{"line":262,"column":3}}}},"branchMap":{"0":{"loc":{"start":{"line":28,"column":6},"end":{"line":28,"column":75}},"type":"if","locations":[{"start":{"line":28,"column":6},"end":{"line":28,"column":75}}]},"1":{"loc":{"start":{"line":50,"column":16},"end":{"line":50,"column":66}},"type":"cond-expr","locations":[{"start":{"line":50,"column":43},"end":{"line":50,"column":53}},{"start":{"line":50,"column":56},"end":{"line":50,"column":66}}]},"2":{"loc":{"start":{"line":62,"column":6},"end":{"line":66,"column":7}},"type":"if","locations":[{"start":{"line":62,"column":6},"end":{"line":66,"column":7}}]},"3":{"loc":{"start":{"line":77,"column":6},"end":{"line":79,"column":7}},"type":"if","locations":[{"start":{"line":77,"column":6},"end":{"line":79,"column":7}}]},"4":{"loc":{"start":{"line":77,"column":10},"end":{"line":77,"column":52}},"type":"binary-expr","locations":[{"start":{"line":77,"column":10},"end":{"line":77,"column":34}},{"start":{"line":77,"column":38},"end":{"line":77,"column":52}}]},"5":{"loc":{"start":{"line":89,"column":16},"end":{"line":89,"column":37}},"type":"binary-expr","locations":[{"start":{"line":89,"column":16},"end":{"line":89,"column":31}},{"start":{"line":89,"column":35},"end":{"line":89,"column":37}}]},"6":{"loc":{"start":{"line":98,"column":6},"end":{"line":98,"column":75}},"type":"if","locations":[{"start":{"line":98,"column":6},"end":{"line":98,"column":75}}]},"7":{"loc":{"start":{"line":100,"column":19},"end":{"line":100,"column":58}},"type":"binary-expr","locations":[{"start":{"line":100,"column":19},"end":{"line":100,"column":53}},{"start":{"line":100,"column":57},"end":{"line":100,"column":58}}]},"8":{"loc":{"start":{"line":101,"column":20},"end":{"line":101,"column":61}},"type":"binary-expr","locations":[{"start":{"line":101,"column":20},"end":{"line":101,"column":55}},{"start":{"line":101,"column":59},"end":{"line":101,"column":61}}]},"9":{"loc":{"start":{"line":108,"column":6},"end":{"line":108,"column":81}},"type":"if","locations":[{"start":{"line":108,"column":6},"end":{"line":108,"column":81}}]},"10":{"loc":{"start":{"line":115,"column":4},"end":{"line":115,"column":58}},"type":"cond-expr","locations":[{"start":{"line":115,"column":24},"end":{"line":115,"column":35}},{"start":{"line":115,"column":38},"end":{"line":115,"column":58}}]},"11":{"loc":{"start":{"line":129,"column":6},"end":{"line":129,"column":75}},"type":"if","locations":[{"start":{"line":129,"column":6},"end":{"line":129,"column":75}}]},"12":{"loc":{"start":{"line":134,"column":6},"end":{"line":134,"column":76}},"type":"if","locations":[{"start":{"line":134,"column":6},"end":{"line":134,"column":76}}]},"13":{"loc":{"start":{"line":135,"column":6},"end":{"line":135,"column":91}},"type":"if","locations":[{"start":{"line":135,"column":6},"end":{"line":135,"column":91}}]},"14":{"loc":{"start":{"line":146,"column":6},"end":{"line":146,"column":75}},"type":"if","locations":[{"start":{"line":146,"column":6},"end":{"line":146,"column":75}}]},"15":{"loc":{"start":{"line":152,"column":6},"end":{"line":152,"column":76}},"type":"if","locations":[{"start":{"line":152,"column":6},"end":{"line":152,"column":76}}]},"16":{"loc":{"start":{"line":153,"column":6},"end":{"line":153,"column":91}},"type":"if","locations":[{"start":{"line":153,"column":6},"end":{"line":153,"column":91}}]},"17":{"loc":{"start":{"line":159,"column":17},"end":{"line":159,"column":51}},"type":"binary-expr","locations":[{"start":{"line":159,"column":17},"end":{"line":159,"column":23}},{"start":{"line":159,"column":27},"end":{"line":159,"column":51}}]},"18":{"loc":{"start":{"line":164,"column":25},"end":{"line":164,"column":53}},"type":"binary-expr","locations":[{"start":{"line":164,"column":25},"end":{"line":164,"column":47}},{"start":{"line":164,"column":51},"end":{"line":164,"column":53}}]},"19":{"loc":{"start":{"line":171,"column":6},"end":{"line":175,"column":7}},"type":"if","locations":[{"start":{"line":171,"column":6},"end":{"line":175,"column":7}}]},"20":{"loc":{"start":{"line":185,"column":6},"end":{"line":185,"column":75}},"type":"if","locations":[{"start":{"line":185,"column":6},"end":{"line":185,"column":75}}]},"21":{"loc":{"start":{"line":194,"column":6},"end":{"line":194,"column":75}},"type":"if","locations":[{"start":{"line":194,"column":6},"end":{"line":194,"column":75}}]},"22":{"loc":{"start":{"line":203,"column":6},"end":{"line":203,"column":75}},"type":"if","locations":[{"start":{"line":203,"column":6},"end":{"line":203,"column":75}}]},"23":{"loc":{"start":{"line":212,"column":6},"end":{"line":212,"column":75}},"type":"if","locations":[{"start":{"line":212,"column":6},"end":{"line":212,"column":75}}]},"24":{"loc":{"start":{"line":221,"column":6},"end":{"line":221,"column":75}},"type":"if","locations":[{"start":{"line":221,"column":6},"end":{"line":221,"column":75}}]},"25":{"loc":{"start":{"line":230,"column":6},"end":{"line":230,"column":75}},"type":"if","locations":[{"start":{"line":230,"column":6},"end":{"line":230,"column":75}}]},"26":{"loc":{"start":{"line":239,"column":6},"end":{"line":239,"column":75}},"type":"if","locations":[{"start":{"line":239,"column":6},"end":{"line":239,"column":75}}]},"27":{"loc":{"start":{"line":248,"column":6},"end":{"line":248,"column":75}},"type":"if","locations":[{"start":{"line":248,"column":6},"end":{"line":248,"column":75}}]},"28":{"loc":{"start":{"line":257,"column":6},"end":{"line":257,"column":75}},"type":"if","locations":[{"start":{"line":257,"column":6},"end":{"line":257,"column":75}}]}},"s":{"0":1,"1":1,"2":1,"3":1,"4":1,"5":1,"6":1,"7":1,"8":2,"9":2,"10":0,"11":2,"12":2,"13":2,"14":2,"15":2,"16":2,"17":0,"18":0,"19":2,"20":2,"21":2,"22":0,"23":2,"24":0,"25":1,"26":2,"27":2,"28":0,"29":2,"30":2,"31":2,"32":2,"33":2,"34":0,"35":0,"36":2,"37":2,"38":2,"39":0,"40":0,"41":0,"42":2,"43":0,"44":1,"45":1,"46":1,"47":0,"48":1,"49":1,"50":1,"51":1,"52":0,"53":0,"54":0,"55":0,"56":0,"57":1,"58":0,"59":0,"60":0,"61":0,"62":0,"63":0,"64":0,"65":0,"66":0,"67":0,"68":0,"69":0,"70":0,"71":0,"72":0,"73":0,"74":0,"75":1,"76":0,"77":0,"78":0,"79":0,"80":0,"81":1,"82":0,"83":0,"84":0,"85":0,"86":0,"87":1,"88":0,"89":0,"90":0,"91":0,"92":0,"93":1,"94":0,"95":0,"96":0,"97":0,"98":0,"99":1,"100":0,"101":0,"102":0,"103":0,"104":0,"105":1,"106":0,"107":0,"108":0,"109":0,"110":0,"111":1,"112":0,"113":0,"114":0,"115":0,"116":0,"117":1,"118":0,"119":0,"120":0,"121":0,"122":0,"123":1,"124":0,"125":0,"126":0,"127":0,"128":0,"129":1,"130":1,"131":1,"132":1,"133":1},"f":{"0":1,"1":2,"2":2,"3":0,"4":0,"5":0,"6":1,"7":0,"8":0,"9":0,"10":0,"11":0,"12":0,"13":0,"14":0,"15":0,"16":0},"b":{"0":[0],"1":[0,2],"2":[0],"3":[0],"4":[2,0],"5":[2,0],"6":[0],"7":[2,1],"8":[2,1],"9":[0],"10":[0,0],"11":[0],"12":[1],"13":[0],"14":[0],"15":[0],"16":[0],"17":[0,0],"18":[0,0],"19":[0],"20":[0],"21":[0],"22":[0],"23":[0],"24":[0],"25":[0],"26":[0],"27":[0],"28":[0]}}
,"C:\\Users\\aanus\\Desktop\\AutheTrack\\AuthTrack--main\\server\\src\\middleware\\authMiddleware.ts": {"path":"C:\\Users\\aanus\\Desktop\\AutheTrack\\AuthTrack--main\\server\\src\\middleware\\authMiddleware.ts","statementMap":{"0":{"start":{"line":2,"column":0},"end":{"line":2,"column":42}},"1":{"start":{"line":3,"column":0},"end":{"line":3,"column":45}},"2":{"start":{"line":13,"column":30},"end":{"line":24,"column":1}},"3":{"start":{"line":14,"column":2},"end":{"line":23,"column":3}},"4":{"start":{"line":15,"column":18},"end":{"line":15,"column":67}},"5":{"start":{"line":16,"column":4},"end":{"line":16,"column":68}},"6":{"start":{"line":16,"column":16},"end":{"line":16,"column":68}},"7":{"start":{"line":18,"column":20},"end":{"line":18,"column":51}},"8":{"start":{"line":19,"column":4},"end":{"line":19,"column":64}},"9":{"start":{"line":20,"column":4},"end":{"line":20,"column":11}},"10":{"start":{"line":22,"column":4},"end":{"line":22,"column":45}},"11":{"start":{"line":13,"column":13},"end":{"line":13,"column":30}},"12":{"start":{"line":26,"column":31},"end":{"line":42,"column":1}},"13":{"start":{"line":27,"column":2},"end":{"line":41,"column":3}},"14":{"start":{"line":28,"column":4},"end":{"line":28,"column":76}},"15":{"start":{"line":28,"column":19},"end":{"line":28,"column":76}},"16":{"start":{"line":30,"column":20},"end":{"line":30,"column":87}},"17":{"start":{"line":31,"column":21},"end":{"line":31,"column":35}},"18":{"start":{"line":33,"column":4},"end":{"line":35,"column":5}},"19":{"start":{"line":34,"column":6},"end":{"line":34,"column":62}},"20":{"start":{"line":37,"column":4},"end":{"line":37,"column":34}},"21":{"start":{"line":38,"column":4},"end":{"line":38,"column":11}},"22":{"start":{"line":40,"column":4},"end":{"line":40,"column":52}},"23":{"start":{"line":26,"column":13},"end":{"line":26,"column":31}},"24":{"start":{"line":44,"column":27},"end":{"line":62,"column":1}},"25":{"start":{"line":45,"column":2},"end":{"line":61,"column":4}},"26":{"start":{"line":46,"column":4},"end":{"line":60,"column":5}},"27":{"start":{"line":47,"column":6},"end":{"line":47,"column":78}},"28":{"start":{"line":47,"column":21},"end":{"line":47,"column":78}},"29":{"start":{"line":49,"column":22},"end":{"line":49,"column":89}},"30":{"start":{"line":50,"column":23},"end":{"line":50,"column":37}},"31":{"start":{"line":52,"column":6},"end":{"line":54,"column":7}},"32":{"start":{"line":53,"column":8},"end":{"line":53,"column":67}},"33":{"start":{"line":56,"column":6},"end":{"line":56,"column":36}},"34":{"start":{"line":57,"column":6},"end":{"line":57,"column":13}},"35":{"start":{"line":59,"column":6},"end":{"line":59,"column":54}},"36":{"start":{"line":44,"column":13},"end":{"line":44,"column":27}}},"fnMap":{"0":{"name":"(anonymous_0)","decl":{"start":{"line":13,"column":30},"end":{"line":13,"column":35}},"loc":{"start":{"line":13,"column":93},"end":{"line":24,"column":1}}},"1":{"name":"(anonymous_1)","decl":{"start":{"line":26,"column":31},"end":{"line":26,"column":36}},"loc":{"start":{"line":26,"column":94},"end":{"line":42,"column":1}}},"2":{"name":"(anonymous_2)","decl":{"start":{"line":44,"column":27},"end":{"line":44,"column":28}},"loc":{"start":{"line":44,"column":47},"end":{"line":62,"column":1}}},"3":{"name":"(anonymous_3)","decl":{"start":{"line":45,"column":9},"end":{"line":45,"column":14}},"loc":{"start":{"line":45,"column":72},"end":{"line":61,"column":3}}}},"branchMap":{"0":{"loc":{"start":{"line":16,"column":4},"end":{"line":16,"column":68}},"type":"if","locations":[{"start":{"line":16,"column":4},"end":{"line":16,"column":68}}]},"1":{"loc":{"start":{"line":19,"column":42},"end":{"line":19,"column":61}},"type":"binary-expr","locations":[{"start":{"line":19,"column":42},"end":{"line":19,"column":55}},{"start":{"line":19,"column":59},"end":{"line":19,"column":61}}]},"2":{"loc":{"start":{"line":28,"column":4},"end":{"line":28,"column":76}},"type":"if","locations":[{"start":{"line":28,"column":4},"end":{"line":28,"column":76}}]},"3":{"loc":{"start":{"line":33,"column":4},"end":{"line":35,"column":5}},"type":"if","locations":[{"start":{"line":33,"column":4},"end":{"line":35,"column":5}}]},"4":{"loc":{"start":{"line":33,"column":8},"end":{"line":33,"column":46}},"type":"binary-expr","locations":[{"start":{"line":33,"column":8},"end":{"line":33,"column":17}},{"start":{"line":33,"column":21},"end":{"line":33,"column":46}}]},"5":{"loc":{"start":{"line":47,"column":6},"end":{"line":47,"column":78}},"type":"if","locations":[{"start":{"line":47,"column":6},"end":{"line":47,"column":78}}]},"6":{"loc":{"start":{"line":52,"column":6},"end":{"line":54,"column":7}},"type":"if","locations":[{"start":{"line":52,"column":6},"end":{"line":54,"column":7}}]},"7":{"loc":{"start":{"line":52,"column":10},"end":{"line":52,"column":53}},"type":"binary-expr","locations":[{"start":{"line":52,"column":10},"end":{"line":52,"column":19}},{"start":{"line":52,"column":23},"end":{"line":52,"column":53}}]}},"s":{"0":1,"1":1,"2":1,"3":4,"4":4,"5":4,"6":1,"7":3,"8":2,"9":2,"10":1,"11":1,"12":1,"13":0,"14":0,"15":0,"16":0,"17":0,"18":0,"19":0,"20":0,"21":0,"22":0,"23":1,"24":1,"25":3,"26":3,"27":3,"28":1,"29":2,"30":2,"31":2,"32":1,"33":1,"34":1,"35":0,"36":1},"f":{"0":4,"1":0,"2":3,"3":3},"b":{"0":[1],"1":[2,0],"2":[0],"3":[0],"4":[0,0],"5":[1],"6":[1],"7":[2,2]}}
,"C:\\Users\\aanus\\Desktop\\AutheTrack\\AuthTrack--main\\server\\src\\middleware\\errorMiddleware.ts": {"path":"C:\\Users\\aanus\\Desktop\\AutheTrack\\AuthTrack--main\\server\\src\\middleware\\errorMiddleware.ts","statementMap":{"0":{"start":{"line":4,"column":0},"end":{"line":4,"column":41}},"1":{"start":{"line":13,"column":24},"end":{"line":21,"column":1}},"2":{"start":{"line":14,"column":18},"end":{"line":14,"column":50}},"3":{"start":{"line":15,"column":2},"end":{"line":15,"column":69}},"4":{"start":{"line":17,"column":2},"end":{"line":20,"column":5}},"5":{"start":{"line":13,"column":13},"end":{"line":13,"column":24}},"6":{"start":{"line":26,"column":28},"end":{"line":51,"column":1}},"7":{"start":{"line":32,"column":21},"end":{"line":34,"column":9}},"8":{"start":{"line":36,"column":18},"end":{"line":36,"column":56}},"9":{"start":{"line":38,"column":2},"end":{"line":44,"column":5}},"10":{"start":{"line":46,"column":2},"end":{"line":50,"column":5}},"11":{"start":{"line":26,"column":13},"end":{"line":26,"column":28}}},"fnMap":{"0":{"name":"(anonymous_0)","decl":{"start":{"line":13,"column":24},"end":{"line":13,"column":25}},"loc":{"start":{"line":13,"column":62},"end":{"line":21,"column":1}}},"1":{"name":"(anonymous_1)","decl":{"start":{"line":26,"column":28},"end":{"line":26,"column":null}},"loc":{"start":{"line":31,"column":10},"end":{"line":51,"column":1}}}},"branchMap":{"0":{"loc":{"start":{"line":32,"column":21},"end":{"line":34,"column":9}},"type":"cond-expr","locations":[{"start":{"line":33,"column":6},"end":{"line":33,"column":20}},{"start":{"line":34,"column":6},"end":{"line":34,"column":9}}]},"1":{"loc":{"start":{"line":32,"column":21},"end":{"line":32,"column":84}},"type":"binary-expr","locations":[{"start":{"line":32,"column":21},"end":{"line":32,"column":35}},{"start":{"line":32,"column":39},"end":{"line":32,"column":60}},{"start":{"line":32,"column":64},"end":{"line":32,"column":84}}]},"2":{"loc":{"start":{"line":36,"column":18},"end":{"line":36,"column":56}},"type":"binary-expr","locations":[{"start":{"line":36,"column":18},"end":{"line":36,"column":29}},{"start":{"line":36,"column":33},"end":{"line":36,"column":56}}]},"3":{"loc":{"start":{"line":43,"column":11},"end":{"line":43,"column":72}},"type":"cond-expr","locations":[{"start":{"line":43,"column":51},"end":{"line":43,"column":60}},{"start":{"line":43,"column":63},"end":{"line":43,"column":72}}]},"4":{"loc":{"start":{"line":49,"column":8},"end":{"line":49,"column":69}},"type":"binary-expr","locations":[{"start":{"line":49,"column":8},"end":{"line":49,"column":45}},{"start":{"line":49,"column":49},"end":{"line":49,"column":69}}]}},"s":{"0":2,"1":2,"2":0,"3":0,"4":0,"5":2,"6":2,"7":0,"8":0,"9":0,"10":0,"11":2},"f":{"0":0,"1":0},"b":{"0":[0,0],"1":[0,0,0],"2":[0,0],"3":[0,0],"4":[0,0]}}
,"C:\\Users\\aanus\\Desktop\\AutheTrack\\AuthTrack--main\\server\\src\\routes\\fraudRoutes.ts": {"path":"C:\\Users\\aanus\\Desktop\\AutheTrack\\AuthTrack--main\\server\\src\\routes\\fraudRoutes.ts","statementMap":{"0":{"start":{"line":1,"column":0},"end":{"line":1,"column":52}},"1":{"start":{"line":2,"column":0},"end":{"line":2,"column":36}},"2":{"start":{"line":3,"column":0},"end":{"line":3,"column":41}},"3":{"start":{"line":5,"column":15},"end":{"line":5,"column":23}},"4":{"start":{"line":16,"column":5},"end":{"line":33,"column":2}},"5":{"start":{"line":35,"column":13},"end":{"line":39,"column":2}},"6":{"start":{"line":35,"column":32},"end":{"line":39,"column":2}},"7":{"start":{"line":41,"column":0},"end":{"line":83,"column":3}},"8":{"start":{"line":42,"column":2},"end":{"line":82,"column":3}},"9":{"start":{"line":43,"column":72},"end":{"line":43,"column":80}},"10":{"start":{"line":45,"column":4},"end":{"line":51,"column":5}},"11":{"start":{"line":46,"column":6},"end":{"line":50,"column":9}},"12":{"start":{"line":53,"column":4},"end":{"line":59,"column":5}},"13":{"start":{"line":53,"column":31},"end":{"line":53,"column":64}},"14":{"start":{"line":54,"column":6},"end":{"line":58,"column":9}},"15":{"start":{"line":61,"column":20},"end":{"line":70,"column":6}},"16":{"start":{"line":72,"column":4},"end":{"line":72,"column":29}},"17":{"start":{"line":74,"column":4},"end":{"line":74,"column":83}},"18":{"start":{"line":76,"column":4},"end":{"line":76,"column":47}},"19":{"start":{"line":77,"column":4},"end":{"line":81,"column":7}},"20":{"start":{"line":85,"column":0},"end":{"line":129,"column":3}},"21":{"start":{"line":86,"column":2},"end":{"line":128,"column":3}},"22":{"start":{"line":87,"column":98},"end":{"line":87,"column":107}},"23":{"start":{"line":89,"column":19},"end":{"line":89,"column":34}},"24":{"start":{"line":91,"column":4},"end":{"line":91,"column":111}},"25":{"start":{"line":91,"column":16},"end":{"line":91,"column":111}},"26":{"start":{"line":91,"column":50},"end":{"line":91,"column":109}},"27":{"start":{"line":92,"column":4},"end":{"line":92,"column":77}},"28":{"start":{"line":92,"column":18},"end":{"line":92,"column":77}},"29":{"start":{"line":92,"column":52},"end":{"line":92,"column":75}},"30":{"start":{"line":94,"column":4},"end":{"line":98,"column":7}},"31":{"start":{"line":95,"column":18},"end":{"line":95,"column":45}},"32":{"start":{"line":96,"column":18},"end":{"line":96,"column":45}},"33":{"start":{"line":97,"column":6},"end":{"line":97,"column":74}},"34":{"start":{"line":100,"column":20},"end":{"line":100,"column":44}},"35":{"start":{"line":101,"column":21},"end":{"line":101,"column":46}},"36":{"start":{"line":102,"column":23},"end":{"line":102,"column":47}},"37":{"start":{"line":103,"column":27},"end":{"line":103,"column":76}},"38":{"start":{"line":104,"column":23},"end":{"line":104,"column":60}},"39":{"start":{"line":106,"column":4},"end":{"line":120,"column":7}},"40":{"start":{"line":122,"column":4},"end":{"line":122,"column":50}},"41":{"start":{"line":123,"column":4},"end":{"line":127,"column":7}},"42":{"start":{"line":131,"column":0},"end":{"line":141,"column":3}},"43":{"start":{"line":132,"column":20},"end":{"line":132,"column":66}},"44":{"start":{"line":132,"column":43},"end":{"line":132,"column":65}},"45":{"start":{"line":133,"column":2},"end":{"line":139,"column":3}},"46":{"start":{"line":134,"column":4},"end":{"line":138,"column":7}},"47":{"start":{"line":140,"column":2},"end":{"line":140,"column":71}},"48":{"start":{"line":143,"column":0},"end":{"line":166,"column":3}},"49":{"start":{"line":144,"column":24},"end":{"line":144,"column":102}},"50":{"start":{"line":145,"column":28},"end":{"line":145,"column":36}},"51":{"start":{"line":147,"column":2},"end":{"line":153,"column":3}},"52":{"start":{"line":148,"column":4},"end":{"line":152,"column":7}},"53":{"start":{"line":155,"column":14},"end":{"line":155,"column":65}},"54":{"start":{"line":155,"column":42},"end":{"line":155,"column":64}},"55":{"start":{"line":156,"column":2},"end":{"line":162,"column":3}},"56":{"start":{"line":157,"column":4},"end":{"line":161,"column":7}},"57":{"start":{"line":164,"column":2},"end":{"line":164,"column":116}},"58":{"start":{"line":165,"column":2},"end":{"line":165,"column":77}},"59":{"start":{"line":168,"column":0},"end":{"line":187,"column":3}},"60":{"start":{"line":169,"column":23},"end":{"line":169,"column":141}},"61":{"start":{"line":169,"column":55},"end":{"line":169,"column":96}},"62":{"start":{"line":169,"column":97},"end":{"line":169,"column":108}},"63":{"start":{"line":170,"column":25},"end":{"line":170,"column":147}},"64":{"start":{"line":170,"column":57},"end":{"line":170,"column":102}},"65":{"start":{"line":170,"column":103},"end":{"line":170,"column":114}},"66":{"start":{"line":171,"column":21},"end":{"line":171,"column":68}},"67":{"start":{"line":172,"column":22},"end":{"line":172,"column":90}},"68":{"start":{"line":172,"column":47},"end":{"line":172,"column":82}},"69":{"start":{"line":174,"column":2},"end":{"line":186,"column":5}},"70":{"start":{"line":189,"column":0},"end":{"line":200,"column":3}},"71":{"start":{"line":190,"column":14},"end":{"line":190,"column":65}},"72":{"start":{"line":190,"column":42},"end":{"line":190,"column":64}},"73":{"start":{"line":191,"column":2},"end":{"line":197,"column":3}},"74":{"start":{"line":192,"column":4},"end":{"line":196,"column":7}},"75":{"start":{"line":198,"column":18},"end":{"line":198,"column":46}},"76":{"start":{"line":199,"column":2},"end":{"line":199,"column":117}},"77":{"start":{"line":202,"column":0},"end":{"line":202,"column":22}}},"fnMap":{"0":{"name":"(anonymous_0)","decl":{"start":{"line":35,"column":13},"end":{"line":35,"column":14}},"loc":{"start":{"line":35,"column":32},"end":{"line":39,"column":2}}},"1":{"name":"(anonymous_1)","decl":{"start":{"line":41,"column":23},"end":{"line":41,"column":24}},"loc":{"start":{"line":41,"column":55},"end":{"line":83,"column":1}}},"2":{"name":"(anonymous_2)","decl":{"start":{"line":53,"column":24},"end":{"line":53,"column":25}},"loc":{"start":{"line":53,"column":31},"end":{"line":53,"column":64}}},"3":{"name":"(anonymous_3)","decl":{"start":{"line":85,"column":21},"end":{"line":85,"column":22}},"loc":{"start":{"line":85,"column":53},"end":{"line":129,"column":1}}},"4":{"name":"(anonymous_4)","decl":{"start":{"line":91,"column":43},"end":{"line":91,"column":44}},"loc":{"start":{"line":91,"column":50},"end":{"line":91,"column":109}}},"5":{"name":"(anonymous_5)","decl":{"start":{"line":92,"column":45},"end":{"line":92,"column":46}},"loc":{"start":{"line":92,"column":52},"end":{"line":92,"column":75}}},"6":{"name":"(anonymous_6)","decl":{"start":{"line":94,"column":18},"end":{"line":94,"column":19}},"loc":{"start":{"line":94,"column":27},"end":{"line":98,"column":5}}},"7":{"name":"(anonymous_7)","decl":{"start":{"line":131,"column":25},"end":{"line":131,"column":26}},"loc":{"start":{"line":131,"column":57},"end":{"line":141,"column":1}}},"8":{"name":"(anonymous_8)","decl":{"start":{"line":132,"column":36},"end":{"line":132,"column":37}},"loc":{"start":{"line":132,"column":43},"end":{"line":132,"column":65}}},"9":{"name":"(anonymous_9)","decl":{"start":{"line":143,"column":32},"end":{"line":143,"column":33}},"loc":{"start":{"line":143,"column":64},"end":{"line":166,"column":1}}},"10":{"name":"(anonymous_10)","decl":{"start":{"line":155,"column":35},"end":{"line":155,"column":36}},"loc":{"start":{"line":155,"column":42},"end":{"line":155,"column":64}}},"11":{"name":"(anonymous_11)","decl":{"start":{"line":168,"column":21},"end":{"line":168,"column":22}},"loc":{"start":{"line":168,"column":53},"end":{"line":187,"column":1}}},"12":{"name":"(anonymous_12)","decl":{"start":{"line":169,"column":41},"end":{"line":169,"column":42}},"loc":{"start":{"line":169,"column":52},"end":{"line":169,"column":110}}},"13":{"name":"(anonymous_13)","decl":{"start":{"line":170,"column":43},"end":{"line":170,"column":44}},"loc":{"start":{"line":170,"column":54},"end":{"line":170,"column":116}}},"14":{"name":"(anonymous_14)","decl":{"start":{"line":172,"column":40},"end":{"line":172,"column":41}},"loc":{"start":{"line":172,"column":47},"end":{"line":172,"column":82}}},"15":{"name":"(anonymous_15)","decl":{"start":{"line":189,"column":28},"end":{"line":189,"column":29}},"loc":{"start":{"line":189,"column":60},"end":{"line":200,"column":1}}},"16":{"name":"(anonymous_16)","decl":{"start":{"line":190,"column":35},"end":{"line":190,"column":36}},"loc":{"start":{"line":190,"column":42},"end":{"line":190,"column":64}}}},"branchMap":{"0":{"loc":{"start":{"line":37,"column":14},"end":{"line":37,"column":64}},"type":"binary-expr","locations":[{"start":{"line":37,"column":14},"end":{"line":37,"column":52}},{"start":{"line":37,"column":56},"end":{"line":37,"column":64}}]},"1":{"loc":{"start":{"line":43,"column":35},"end":{"line":43,"column":54}},"type":"default-arg","locations":[{"start":{"line":43,"column":46},"end":{"line":43,"column":54}}]},"2":{"loc":{"start":{"line":45,"column":4},"end":{"line":51,"column":5}},"type":"if","locations":[{"start":{"line":45,"column":4},"end":{"line":51,"column":5}}]},"3":{"loc":{"start":{"line":45,"column":8},"end":{"line":45,"column":33}},"type":"binary-expr","locations":[{"start":{"line":45,"column":8},"end":{"line":45,"column":22}},{"start":{"line":45,"column":26},"end":{"line":45,"column":33}}]},"4":{"loc":{"start":{"line":53,"column":4},"end":{"line":59,"column":5}},"type":"if","locations":[{"start":{"line":53,"column":4},"end":{"line":59,"column":5}}]},"5":{"loc":{"start":{"line":68,"column":19},"end":{"line":68,"column":54}},"type":"binary-expr","locations":[{"start":{"line":68,"column":19},"end":{"line":68,"column":39}},{"start":{"line":68,"column":43},"end":{"line":68,"column":54}}]},"6":{"loc":{"start":{"line":69,"column":26},"end":{"line":69,"column":43}},"type":"binary-expr","locations":[{"start":{"line":69,"column":26},"end":{"line":69,"column":37}},{"start":{"line":69,"column":41},"end":{"line":69,"column":43}}]},"7":{"loc":{"start":{"line":87,"column":30},"end":{"line":87,"column":38}},"type":"default-arg","locations":[{"start":{"line":87,"column":37},"end":{"line":87,"column":38}}]},"8":{"loc":{"start":{"line":87,"column":40},"end":{"line":87,"column":50}},"type":"default-arg","locations":[{"start":{"line":87,"column":48},"end":{"line":87,"column":50}}]},"9":{"loc":{"start":{"line":87,"column":52},"end":{"line":87,"column":73}},"type":"default-arg","locations":[{"start":{"line":87,"column":61},"end":{"line":87,"column":73}}]},"10":{"loc":{"start":{"line":87,"column":75},"end":{"line":87,"column":93}},"type":"default-arg","locations":[{"start":{"line":87,"column":87},"end":{"line":87,"column":93}}]},"11":{"loc":{"start":{"line":91,"column":4},"end":{"line":91,"column":111}},"type":"if","locations":[{"start":{"line":91,"column":4},"end":{"line":91,"column":111}}]},"12":{"loc":{"start":{"line":92,"column":4},"end":{"line":92,"column":77}},"type":"if","locations":[{"start":{"line":92,"column":4},"end":{"line":92,"column":77}}]},"13":{"loc":{"start":{"line":97,"column":13},"end":{"line":97,"column":73}},"type":"cond-expr","locations":[{"start":{"line":97,"column":37},"end":{"line":97,"column":53}},{"start":{"line":97,"column":57},"end":{"line":97,"column":73}}]},"14":{"loc":{"start":{"line":97,"column":37},"end":{"line":97,"column":53}},"type":"cond-expr","locations":[{"start":{"line":97,"column":47},"end":{"line":97,"column":48}},{"start":{"line":97,"column":51},"end":{"line":97,"column":53}}]},"15":{"loc":{"start":{"line":97,"column":57},"end":{"line":97,"column":73}},"type":"cond-expr","locations":[{"start":{"line":97,"column":67},"end":{"line":97,"column":68}},{"start":{"line":97,"column":71},"end":{"line":97,"column":73}}]},"16":{"loc":{"start":{"line":133,"column":2},"end":{"line":139,"column":3}},"type":"if","locations":[{"start":{"line":133,"column":2},"end":{"line":139,"column":3}}]},"17":{"loc":{"start":{"line":147,"column":2},"end":{"line":153,"column":3}},"type":"if","locations":[{"start":{"line":147,"column":2},"end":{"line":153,"column":3}}]},"18":{"loc":{"start":{"line":147,"column":6},"end":{"line":147,"column":48}},"type":"binary-expr","locations":[{"start":{"line":147,"column":6},"end":{"line":147,"column":13}},{"start":{"line":147,"column":17},"end":{"line":147,"column":48}}]},"19":{"loc":{"start":{"line":156,"column":2},"end":{"line":162,"column":3}},"type":"if","locations":[{"start":{"line":156,"column":2},"end":{"line":162,"column":3}}]},"20":{"loc":{"start":{"line":164,"column":70},"end":{"line":164,"column":113}},"type":"binary-expr","locations":[{"start":{"line":164,"column":70},"end":{"line":164,"column":75}},{"start":{"line":164,"column":79},"end":{"line":164,"column":113}}]},"21":{"loc":{"start":{"line":169,"column":72},"end":{"line":169,"column":90}},"type":"binary-expr","locations":[{"start":{"line":169,"column":72},"end":{"line":169,"column":85}},{"start":{"line":169,"column":89},"end":{"line":169,"column":90}}]},"22":{"loc":{"start":{"line":170,"column":76},"end":{"line":170,"column":96}},"type":"binary-expr","locations":[{"start":{"line":170,"column":76},"end":{"line":170,"column":91}},{"start":{"line":170,"column":95},"end":{"line":170,"column":96}}]},"23":{"loc":{"start":{"line":181,"column":22},"end":{"line":183,"column":16}},"type":"cond-expr","locations":[{"start":{"line":182,"column":10},"end":{"line":182,"column":122}},{"start":{"line":183,"column":10},"end":{"line":183,"column":16}}]},"24":{"loc":{"start":{"line":182,"column":13},"end":{"line":182,"column":42}},"type":"binary-expr","locations":[{"start":{"line":182,"column":13},"end":{"line":182,"column":37}},{"start":{"line":182,"column":41},"end":{"line":182,"column":42}}]},"25":{"loc":{"start":{"line":182,"column":47},"end":{"line":182,"column":82}},"type":"binary-expr","locations":[{"start":{"line":182,"column":47},"end":{"line":182,"column":77}},{"start":{"line":182,"column":81},"end":{"line":182,"column":82}}]},"26":{"loc":{"start":{"line":191,"column":2},"end":{"line":197,"column":3}},"type":"if","locations":[{"start":{"line":191,"column":2},"end":{"line":197,"column":3}}]}},"s":{"0":1,"1":1,"2":1,"3":1,"4":1,"5":1,"6":11,"7":1,"8":3,"9":3,"10":3,"11":1,"12":2,"13":3,"14":1,"15":1,"16":1,"17":1,"18":0,"19":0,"20":1,"21":3,"22":3,"23":3,"24":3,"25":1,"26":2,"27":3,"28":1,"29":2,"30":3,"31":1,"32":1,"33":1,"34":3,"35":3,"36":3,"37":3,"38":3,"39":3,"40":0,"41":0,"42":1,"43":2,"44":4,"45":2,"46":1,"47":1,"48":1,"49":2,"50":2,"51":2,"52":1,"53":1,"54":1,"55":1,"56":0,"57":1,"58":1,"59":1,"60":1,"61":2,"62":2,"63":1,"64":2,"65":2,"66":1,"67":1,"68":2,"69":1,"70":1,"71":0,"72":0,"73":0,"74":0,"75":0,"76":0,"77":1},"f":{"0":11,"1":3,"2":3,"3":3,"4":2,"5":2,"6":1,"7":2,"8":4,"9":2,"10":1,"11":1,"12":2,"13":2,"14":2,"15":0,"16":0},"b":{"0":[11,11],"1":[2],"2":[1],"3":[3,2],"4":[1],"5":[1,1],"6":[1,1],"7":[3],"8":[3],"9":[3],"10":[3],"11":[1],"12":[1],"13":[1,0],"14":[0,1],"15":[0,0],"16":[1],"17":[1],"18":[2,2],"19":[0],"20":[1,0],"21":[2,2],"22":[2,2],"23":[1,0],"24":[1,1],"25":[1,1],"26":[0]}}
,"C:\\Users\\aanus\\Desktop\\AutheTrack\\AuthTrack--main\\server\\src\\routes\\transactionRoutes.ts": {"path":"C:\\Users\\aanus\\Desktop\\AutheTrack\\AuthTrack--main\\server\\src\\routes\\transactionRoutes.ts","statementMap":{"0":{"start":{"line":1,"column":0},"end":{"line":1,"column":43}},"1":{"start":{"line":2,"column":0},"end":{"line":2,"column":77}},"2":{"start":{"line":3,"column":0},"end":{"line":3,"column":92}},"3":{"start":{"line":5,"column":15},"end":{"line":5,"column":23}},"4":{"start":{"line":7,"column":0},"end":{"line":15,"column":3}},"5":{"start":{"line":8,"column":2},"end":{"line":14,"column":5}},"6":{"start":{"line":17,"column":0},"end":{"line":17,"column":82}},"7":{"start":{"line":18,"column":0},"end":{"line":18,"column":71}},"8":{"start":{"line":19,"column":0},"end":{"line":19,"column":73}},"9":{"start":{"line":20,"column":0},"end":{"line":20,"column":89}},"10":{"start":{"line":22,"column":0},"end":{"line":27,"column":2}},"11":{"start":{"line":29,"column":0},"end":{"line":34,"column":2}},"12":{"start":{"line":36,"column":0},"end":{"line":41,"column":2}},"13":{"start":{"line":43,"column":0},"end":{"line":47,"column":2}},"14":{"start":{"line":49,"column":0},"end":{"line":54,"column":2}},"15":{"start":{"line":56,"column":0},"end":{"line":56,"column":81}},"16":{"start":{"line":58,"column":0},"end":{"line":63,"column":2}},"17":{"start":{"line":65,"column":0},"end":{"line":70,"column":2}},"18":{"start":{"line":72,"column":0},"end":{"line":77,"column":2}},"19":{"start":{"line":79,"column":0},"end":{"line":79,"column":22}}},"fnMap":{"0":{"name":"(anonymous_0)","decl":{"start":{"line":7,"column":22},"end":{"line":7,"column":23}},"loc":{"start":{"line":7,"column":46},"end":{"line":15,"column":1}}}},"branchMap":{},"s":{"0":1,"1":1,"2":1,"3":1,"4":1,"5":1,"6":1,"7":1,"8":1,"9":1,"10":1,"11":1,"12":1,"13":1,"14":1,"15":1,"16":1,"17":1,"18":1,"19":1},"f":{"0":1},"b":{}}
,"C:\\Users\\aanus\\Desktop\\AutheTrack\\AuthTrack--main\\server\\src\\utils\\AppError.ts": {"path":"C:\\Users\\aanus\\Desktop\\AutheTrack\\AuthTrack--main\\server\\src\\utils\\AppError.ts","statementMap":{"0":{"start":{"line":8,"column":4},"end":{"line":8,"column":19}},"1":{"start":{"line":9,"column":4},"end":{"line":9,"column":33}},"2":{"start":{"line":10,"column":4},"end":{"line":10,"column":30}},"3":{"start":{"line":12,"column":4},"end":{"line":12,"column":52}},"4":{"start":{"line":3,"column":0},"end":{"line":3,"column":13}}},"fnMap":{"0":{"name":"(anonymous_0)","decl":{"start":{"line":7,"column":2},"end":{"line":7,"column":14}},"loc":{"start":{"line":7,"column":49},"end":{"line":13,"column":3}}}},"branchMap":{},"s":{"0":4,"1":4,"2":4,"3":4,"4":1},"f":{"0":4},"b":{}}
,"C:\\Users\\aanus\\Desktop\\AutheTrack\\AuthTrack--main\\server\\src\\utils\\logger.ts": {"path":"C:\\Users\\aanus\\Desktop\\AutheTrack\\AuthTrack--main\\server\\src\\utils\\logger.ts","statementMap":{"0":{"start":{"line":4,"column":0},"end":{"line":4,"column":30}},"1":{"start":{"line":6,"column":63},"end":{"line":6,"column":77}},"2":{"start":{"line":8,"column":13},"end":{"line":29,"column":3}},"3":{"start":{"line":31,"column":0},"end":{"line":38,"column":1}},"4":{"start":{"line":32,"column":2},"end":{"line":37,"column":6}},"5":{"start":{"line":44,"column":4},"end":{"line":44,"column":27}},"6":{"start":{"line":48,"column":4},"end":{"line":48,"column":61}},"7":{"start":{"line":52,"column":4},"end":{"line":57,"column":7}},"8":{"start":{"line":61,"column":4},"end":{"line":61,"column":61}},"9":{"start":{"line":65,"column":4},"end":{"line":65,"column":62}},"10":{"start":{"line":40,"column":0},"end":{"line":40,"column":13}}},"fnMap":{"0":{"name":"(anonymous_1)","decl":{"start":{"line":43,"column":2},"end":{"line":43,"column":14}},"loc":{"start":{"line":43,"column":29},"end":{"line":45,"column":3}}},"1":{"name":"(anonymous_2)","decl":{"start":{"line":47,"column":2},"end":{"line":47,"column":6}},"loc":{"start":{"line":47,"column":34},"end":{"line":49,"column":3}}},"2":{"name":"(anonymous_3)","decl":{"start":{"line":51,"column":2},"end":{"line":51,"column":7}},"loc":{"start":{"line":51,"column":48},"end":{"line":58,"column":3}}},"3":{"name":"(anonymous_4)","decl":{"start":{"line":60,"column":2},"end":{"line":60,"column":6}},"loc":{"start":{"line":60,"column":34},"end":{"line":62,"column":3}}},"4":{"name":"(anonymous_5)","decl":{"start":{"line":64,"column":2},"end":{"line":64,"column":7}},"loc":{"start":{"line":64,"column":35},"end":{"line":66,"column":3}}}},"branchMap":{"0":{"loc":{"start":{"line":9,"column":9},"end":{"line":9,"column":40}},"type":"binary-expr","locations":[{"start":{"line":9,"column":9},"end":{"line":9,"column":30}},{"start":{"line":9,"column":34},"end":{"line":9,"column":40}}]},"1":{"loc":{"start":{"line":31,"column":0},"end":{"line":38,"column":1}},"type":"if","locations":[{"start":{"line":31,"column":0},"end":{"line":38,"column":1}}]},"2":{"loc":{"start":{"line":54,"column":13},"end":{"line":54,"column":36}},"type":"binary-expr","locations":[{"start":{"line":54,"column":13},"end":{"line":54,"column":27}},{"start":{"line":54,"column":31},"end":{"line":54,"column":36}}]}},"s":{"0":2,"1":2,"2":2,"3":2,"4":2,"5":0,"6":0,"7":0,"8":0,"9":0,"10":2},"f":{"0":0,"1":0,"2":0,"3":0,"4":0},"b":{"0":[2,2],"1":[2],"2":[0,0]}}
,"C:\\Users\\aanus\\Desktop\\AutheTrack\\AuthTrack--main\\server\\src\\utils\\response.ts": {"path":"C:\\Users\\aanus\\Desktop\\AutheTrack\\AuthTrack--main\\server\\src\\utils\\response.ts","statementMap":{"0":{"start":{"line":18,"column":27},"end":{"line":25,"column":1}},"1":{"start":{"line":19,"column":35},"end":{"line":23,"column":4}},"2":{"start":{"line":24,"column":2},"end":{"line":24,"column":40}},"3":{"start":{"line":18,"column":13},"end":{"line":18,"column":27}},"4":{"start":{"line":27,"column":25},"end":{"line":33,"column":1}},"5":{"start":{"line":28,"column":32},"end":{"line":31,"column":4}},"6":{"start":{"line":32,"column":2},"end":{"line":32,"column":40}},"7":{"start":{"line":27,"column":13},"end":{"line":27,"column":25}},"8":{"start":{"line":35,"column":29},"end":{"line":55,"column":1}},"9":{"start":{"line":43,"column":37},"end":{"line":53,"column":4}},"10":{"start":{"line":54,"column":2},"end":{"line":54,"column":21}},"11":{"start":{"line":35,"column":13},"end":{"line":35,"column":29}}},"fnMap":{"0":{"name":"(anonymous_0)","decl":{"start":{"line":18,"column":27},"end":{"line":18,"column":31}},"loc":{"start":{"line":18,"column":101},"end":{"line":25,"column":1}}},"1":{"name":"(anonymous_1)","decl":{"start":{"line":27,"column":25},"end":{"line":27,"column":26}},"loc":{"start":{"line":27,"column":84},"end":{"line":33,"column":1}}},"2":{"name":"(anonymous_2)","decl":{"start":{"line":35,"column":29},"end":{"line":35,"column":null}},"loc":{"start":{"line":42,"column":4},"end":{"line":55,"column":1}}}},"branchMap":{"0":{"loc":{"start":{"line":18,"column":73},"end":{"line":18,"column":97}},"type":"default-arg","locations":[{"start":{"line":18,"column":94},"end":{"line":18,"column":97}}]},"1":{"loc":{"start":{"line":27,"column":56},"end":{"line":27,"column":80}},"type":"default-arg","locations":[{"start":{"line":27,"column":77},"end":{"line":27,"column":80}}]}},"s":{"0":1,"1":2,"2":2,"3":1,"4":1,"5":1,"6":1,"7":1,"8":1,"9":2,"10":2,"11":1},"f":{"0":2,"1":1,"2":2},"b":{"0":[2],"1":[0]}}
}
