TN:
SF:src\controllers\transactionController.ts
FN:20,(anonymous_0)
FN:26,(anonymous_1)
FN:96,(anonymous_2)
FN:108,(anonymous_3)
FN:113,(anonymous_4)
FN:114,(anonymous_5)
FN:127,(anonymous_6)
FN:144,(anonymous_7)
FN:183,(anonymous_8)
FN:192,(anonymous_9)
FN:201,(anonymous_10)
FN:210,(anonymous_11)
FN:219,(anonymous_12)
FN:228,(anonymous_13)
FN:237,(anonymous_14)
FN:246,(anonymous_15)
FN:255,(anonymous_16)
FNF:17
FNH:4
FNDA:1,(anonymous_0)
FNDA:2,(anonymous_1)
FNDA:2,(anonymous_2)
FNDA:0,(anonymous_3)
FNDA:0,(anonymous_4)
FNDA:0,(anonymous_5)
FNDA:1,(anonymous_6)
FNDA:0,(anonymous_7)
FNDA:0,(anonymous_8)
FNDA:0,(anonymous_9)
FNDA:0,(anonymous_10)
FNDA:0,(anonymous_11)
FNDA:0,(anonymous_12)
FNDA:0,(anonymous_13)
FNDA:0,(anonymous_14)
FNDA:0,(anonymous_15)
FNDA:0,(anonymous_16)
DA:2,1
DA:3,1
DA:4,1
DA:5,1
DA:6,1
DA:7,1
DA:8,1
DA:15,1
DA:21,1
DA:22,1
DA:23,1
DA:26,1
DA:27,2
DA:28,2
DA:30,2
DA:31,2
DA:40,2
DA:44,2
DA:60,2
DA:62,2
DA:63,0
DA:64,0
DA:68,2
DA:70,2
DA:77,2
DA:78,0
DA:81,2
DA:92,0
DA:96,1
DA:97,2
DA:98,2
DA:100,2
DA:101,2
DA:102,2
DA:104,2
DA:108,2
DA:110,2
DA:111,2
DA:112,2
DA:114,0
DA:115,0
DA:117,0
DA:121,2
DA:123,0
DA:127,1
DA:128,1
DA:129,1
DA:131,1
DA:132,1
DA:134,1
DA:135,0
DA:137,0
DA:138,0
DA:140,0
DA:144,1
DA:145,0
DA:146,0
DA:148,0
DA:149,0
DA:151,0
DA:152,0
DA:153,0
DA:155,0
DA:162,0
DA:167,0
DA:171,0
DA:172,0
DA:177,0
DA:179,0
DA:183,1
DA:184,0
DA:185,0
DA:186,0
DA:188,0
DA:192,1
DA:193,0
DA:194,0
DA:195,0
DA:197,0
DA:201,1
DA:202,0
DA:203,0
DA:204,0
DA:206,0
DA:210,1
DA:211,0
DA:212,0
DA:213,0
DA:215,0
DA:219,1
DA:220,0
DA:221,0
DA:222,0
DA:224,0
DA:228,1
DA:229,0
DA:230,0
DA:231,0
DA:233,0
DA:237,1
DA:238,0
DA:239,0
DA:240,0
DA:242,0
DA:246,1
DA:247,0
DA:248,0
DA:249,0
DA:251,0
DA:255,1
DA:256,0
DA:257,0
DA:258,0
DA:260,0
DA:265,1
LF:115
LH:53
BRDA:28,0,0,0
BRDA:50,1,0,0
BRDA:50,1,1,2
BRDA:62,2,0,0
BRDA:77,3,0,0
BRDA:77,4,0,2
BRDA:77,4,1,0
BRDA:89,5,0,2
BRDA:89,5,1,0
BRDA:98,6,0,0
BRDA:100,7,0,2
BRDA:100,7,1,1
BRDA:101,8,0,2
BRDA:101,8,1,1
BRDA:108,9,0,0
BRDA:115,10,0,0
BRDA:115,10,1,0
BRDA:129,11,0,0
BRDA:134,12,0,1
BRDA:135,13,0,0
BRDA:146,14,0,0
BRDA:152,15,0,0
BRDA:153,16,0,0
BRDA:159,17,0,0
BRDA:159,17,1,0
BRDA:164,18,0,0
BRDA:164,18,1,0
BRDA:171,19,0,0
BRDA:185,20,0,0
BRDA:194,21,0,0
BRDA:203,22,0,0
BRDA:212,23,0,0
BRDA:221,24,0,0
BRDA:230,25,0,0
BRDA:239,26,0,0
BRDA:248,27,0,0
BRDA:257,28,0,0
BRF:37
BRH:8
end_of_record
TN:
SF:src\middleware\authMiddleware.ts
FN:13,(anonymous_0)
FN:26,(anonymous_1)
FN:44,(anonymous_2)
FN:45,(anonymous_3)
FNF:4
FNH:3
FNDA:4,(anonymous_0)
FNDA:0,(anonymous_1)
FNDA:3,(anonymous_2)
FNDA:3,(anonymous_3)
DA:2,1
DA:3,1
DA:13,1
DA:14,4
DA:15,4
DA:16,4
DA:18,3
DA:19,2
DA:20,2
DA:22,1
DA:26,1
DA:27,0
DA:28,0
DA:30,0
DA:31,0
DA:33,0
DA:34,0
DA:37,0
DA:38,0
DA:40,0
DA:44,1
DA:45,3
DA:46,3
DA:47,3
DA:49,2
DA:50,2
DA:52,2
DA:53,1
DA:56,1
DA:57,1
DA:59,0
LF:31
LH:21
BRDA:16,0,0,1
BRDA:19,1,0,2
BRDA:19,1,1,0
BRDA:28,2,0,0
BRDA:33,3,0,0
BRDA:33,4,0,0
BRDA:33,4,1,0
BRDA:47,5,0,1
BRDA:52,6,0,1
BRDA:52,7,0,2
BRDA:52,7,1,2
BRF:11
BRH:6
end_of_record
TN:
SF:src\middleware\errorMiddleware.ts
FN:13,(anonymous_0)
FN:26,(anonymous_1)
FNF:2
FNH:0
FNDA:0,(anonymous_0)
FNDA:0,(anonymous_1)
DA:4,2
DA:13,2
DA:14,0
DA:15,0
DA:17,0
DA:26,2
DA:32,0
DA:36,0
DA:38,0
DA:46,0
LF:10
LH:3
BRDA:32,0,0,0
BRDA:32,0,1,0
BRDA:32,1,0,0
BRDA:32,1,1,0
BRDA:32,1,2,0
BRDA:36,2,0,0
BRDA:36,2,1,0
BRDA:43,3,0,0
BRDA:43,3,1,0
BRDA:49,4,0,0
BRDA:49,4,1,0
BRF:11
BRH:0
end_of_record
TN:
SF:src\routes\fraudRoutes.ts
FN:35,(anonymous_0)
FN:41,(anonymous_1)
FN:53,(anonymous_2)
FN:85,(anonymous_3)
FN:91,(anonymous_4)
FN:92,(anonymous_5)
FN:94,(anonymous_6)
FN:131,(anonymous_7)
FN:132,(anonymous_8)
FN:143,(anonymous_9)
FN:155,(anonymous_10)
FN:168,(anonymous_11)
FN:169,(anonymous_12)
FN:170,(anonymous_13)
FN:172,(anonymous_14)
FN:189,(anonymous_15)
FN:190,(anonymous_16)
FNF:17
FNH:15
FNDA:11,(anonymous_0)
FNDA:3,(anonymous_1)
FNDA:3,(anonymous_2)
FNDA:3,(anonymous_3)
FNDA:2,(anonymous_4)
FNDA:2,(anonymous_5)
FNDA:1,(anonymous_6)
FNDA:2,(anonymous_7)
FNDA:4,(anonymous_8)
FNDA:2,(anonymous_9)
FNDA:1,(anonymous_10)
FNDA:1,(anonymous_11)
FNDA:2,(anonymous_12)
FNDA:2,(anonymous_13)
FNDA:2,(anonymous_14)
FNDA:0,(anonymous_15)
FNDA:0,(anonymous_16)
DA:1,1
DA:2,1
DA:3,1
DA:5,1
DA:16,1
DA:35,11
DA:41,1
DA:42,3
DA:43,3
DA:45,3
DA:46,1
DA:53,3
DA:54,1
DA:61,1
DA:72,1
DA:74,1
DA:76,0
DA:77,0
DA:85,1
DA:86,3
DA:87,3
DA:89,3
DA:91,3
DA:92,3
DA:94,3
DA:95,1
DA:96,1
DA:97,1
DA:100,3
DA:101,3
DA:102,3
DA:103,3
DA:104,3
DA:106,3
DA:122,0
DA:123,0
DA:131,1
DA:132,4
DA:133,2
DA:134,1
DA:140,1
DA:143,1
DA:144,2
DA:145,2
DA:147,2
DA:148,1
DA:155,1
DA:156,1
DA:157,0
DA:164,1
DA:165,1
DA:168,1
DA:169,2
DA:170,2
DA:171,1
DA:172,2
DA:174,1
DA:189,1
DA:190,0
DA:191,0
DA:192,0
DA:198,0
DA:199,0
DA:202,1
LF:64
LH:54
BRDA:37,0,0,11
BRDA:37,0,1,11
BRDA:43,1,0,2
BRDA:45,2,0,1
BRDA:45,3,0,3
BRDA:45,3,1,2
BRDA:53,4,0,1
BRDA:68,5,0,1
BRDA:68,5,1,1
BRDA:69,6,0,1
BRDA:69,6,1,1
BRDA:87,7,0,3
BRDA:87,8,0,3
BRDA:87,9,0,3
BRDA:87,10,0,3
BRDA:91,11,0,1
BRDA:92,12,0,1
BRDA:97,13,0,1
BRDA:97,13,1,0
BRDA:97,14,0,0
BRDA:97,14,1,1
BRDA:97,15,0,0
BRDA:97,15,1,0
BRDA:133,16,0,1
BRDA:147,17,0,1
BRDA:147,18,0,2
BRDA:147,18,1,2
BRDA:156,19,0,0
BRDA:164,20,0,1
BRDA:164,20,1,0
BRDA:169,21,0,2
BRDA:169,21,1,2
BRDA:170,22,0,2
BRDA:170,22,1,2
BRDA:181,23,0,1
BRDA:181,23,1,0
BRDA:182,24,0,1
BRDA:182,24,1,1
BRDA:182,25,0,1
BRDA:182,25,1,1
BRDA:191,26,0,0
BRF:41
BRH:33
end_of_record
TN:
SF:src\routes\transactionRoutes.ts
FN:7,(anonymous_0)
FNF:1
FNH:1
FNDA:1,(anonymous_0)
DA:1,1
DA:2,1
DA:3,1
DA:5,1
DA:7,1
DA:8,1
DA:17,1
DA:18,1
DA:19,1
DA:20,1
DA:22,1
DA:29,1
DA:36,1
DA:43,1
DA:49,1
DA:56,1
DA:58,1
DA:65,1
DA:72,1
DA:79,1
LF:20
LH:20
BRF:0
BRH:0
end_of_record
TN:
SF:src\utils\AppError.ts
FN:7,(anonymous_0)
FNF:1
FNH:1
FNDA:4,(anonymous_0)
DA:3,1
DA:8,4
DA:9,4
DA:10,4
DA:12,4
LF:5
LH:5
BRF:0
BRH:0
end_of_record
TN:
SF:src\utils\logger.ts
FN:43,(anonymous_1)
FN:47,(anonymous_2)
FN:51,(anonymous_3)
FN:60,(anonymous_4)
FN:64,(anonymous_5)
FNF:5
FNH:0
FNDA:0,(anonymous_1)
FNDA:0,(anonymous_2)
FNDA:0,(anonymous_3)
FNDA:0,(anonymous_4)
FNDA:0,(anonymous_5)
DA:4,2
DA:6,2
DA:8,2
DA:31,2
DA:32,2
DA:40,2
DA:44,0
DA:48,0
DA:52,0
DA:61,0
DA:65,0
LF:11
LH:6
BRDA:9,0,0,2
BRDA:9,0,1,2
BRDA:31,1,0,2
BRDA:54,2,0,0
BRDA:54,2,1,0
BRF:5
BRH:3
end_of_record
TN:
SF:src\utils\response.ts
FN:18,(anonymous_0)
FN:27,(anonymous_1)
FN:35,(anonymous_2)
FNF:3
FNH:3
FNDA:2,(anonymous_0)
FNDA:1,(anonymous_1)
FNDA:2,(anonymous_2)
DA:18,1
DA:19,2
DA:24,2
DA:27,1
DA:28,1
DA:32,1
DA:35,1
DA:43,2
DA:54,2
LF:9
LH:9
BRDA:18,0,0,2
BRDA:27,1,0,0
BRF:2
BRH:1
end_of_record
